2023-08-30 22:31:38,196:INFO:"Given maze file name: Instructions/maze-task-second.txt"
2023-08-30 22:31:38,196:INFO:"Given maze directory name: Mazes"
2023-08-30 22:31:38,196:INFO:"Found file maze-test_1.txt"
2023-08-30 22:31:38,196:INFO:"Found file maze-test_10.txt"
2023-08-30 22:31:38,196:INFO:"Found file maze-test_11.txt"
2023-08-30 22:31:38,196:INFO:"Found file maze-test_12.txt"
2023-08-30 22:31:38,196:INFO:"Found file maze-test_13.txt"
2023-08-30 22:31:38,196:INFO:"Found file maze-test_2.txt"
2023-08-30 22:31:38,196:INFO:"Found file maze-test_3.txt"
2023-08-30 22:31:38,197:INFO:"Found file maze-test_4.txt"
2023-08-30 22:31:38,197:INFO:"Found file maze-test_5.txt"
2023-08-30 22:31:38,197:INFO:"Found file maze-test_6.txt"
2023-08-30 22:31:38,197:INFO:"Found file maze-test_7.txt"
2023-08-30 22:31:38,197:INFO:"Found file maze-test_8.txt"
2023-08-30 22:31:38,197:INFO:"Found file maze-test_9.txt"
2023-08-30 22:31:38,197:INFO:"Setting to print results to file: result.txt"
2023-08-30 22:31:38,197:INFO:"File result.txt already exist. Overwriting"
2023-08-30 22:31:38,197:INFO:"Given maze file: Instructions/maze-task-second.txt"
2023-08-30 22:31:38,199:INFO:"Start: (9, 18) Endings: [(13, 37)]"
2023-08-30 22:31:38,199:DEBUG:"Node does not exist: y: 0, x: 38"
2023-08-30 22:31:38,199:DEBUG:"Node does not exist: y: 1, x: 38"
2023-08-30 22:31:38,199:DEBUG:"Node does not exist: y: 2, x: 38"
2023-08-30 22:31:38,199:DEBUG:"Node does not exist: y: 3, x: 38"
2023-08-30 22:31:38,200:DEBUG:"Node does not exist: y: 4, x: 38"
2023-08-30 22:31:38,200:DEBUG:"Node does not exist: y: 5, x: 38"
2023-08-30 22:31:38,200:DEBUG:"Node does not exist: y: 6, x: 38"
2023-08-30 22:31:38,200:DEBUG:"Node does not exist: y: 7, x: 38"
2023-08-30 22:31:38,200:DEBUG:"Node does not exist: y: 8, x: 38"
2023-08-30 22:31:38,200:DEBUG:"Node does not exist: y: 9, x: 38"
2023-08-30 22:31:38,200:DEBUG:"Node does not exist: y: 10, x: 38"
2023-08-30 22:31:38,200:DEBUG:"Node does not exist: y: 11, x: 38"
2023-08-30 22:31:38,200:DEBUG:"Node does not exist: y: 12, x: 38"
2023-08-30 22:31:38,200:DEBUG:"Node does not exist: y: 13, x: 38"
2023-08-30 22:31:38,200:DEBUG:"Node does not exist: y: 14, x: 38"
2023-08-30 22:31:38,200:DEBUG:"Node does not exist: y: 15, x: 38"
2023-08-30 22:31:38,201:DEBUG:"Node does not exist: y: 16, x: 38"
2023-08-30 22:31:38,201:DEBUG:"Node does not exist: y: 17, x: 38"
2023-08-30 22:31:38,201:DEBUG:"Node does not exist: y: 18, x: 38"
2023-08-30 22:31:38,201:DEBUG:"Node does not exist: y: 20, x: 0"
2023-08-30 22:31:38,201:DEBUG:"Node does not exist: y: 20, x: 1"
2023-08-30 22:31:38,201:DEBUG:"Node does not exist: y: 20, x: 2"
2023-08-30 22:31:38,201:DEBUG:"Node does not exist: y: 20, x: 3"
2023-08-30 22:31:38,201:DEBUG:"Node does not exist: y: 20, x: 4"
2023-08-30 22:31:38,201:DEBUG:"Node does not exist: y: 20, x: 5"
2023-08-30 22:31:38,201:DEBUG:"Node does not exist: y: 20, x: 6"
2023-08-30 22:31:38,201:DEBUG:"Node does not exist: y: 20, x: 7"
2023-08-30 22:31:38,201:DEBUG:"Node does not exist: y: 20, x: 8"
2023-08-30 22:31:38,201:DEBUG:"Node does not exist: y: 20, x: 9"
2023-08-30 22:31:38,201:DEBUG:"Node does not exist: y: 20, x: 10"
2023-08-30 22:31:38,201:DEBUG:"Node does not exist: y: 20, x: 11"
2023-08-30 22:31:38,201:DEBUG:"Node does not exist: y: 20, x: 12"
2023-08-30 22:31:38,201:DEBUG:"Node does not exist: y: 20, x: 13"
2023-08-30 22:31:38,201:DEBUG:"Node does not exist: y: 20, x: 14"
2023-08-30 22:31:38,201:DEBUG:"Node does not exist: y: 20, x: 15"
2023-08-30 22:31:38,201:DEBUG:"Node does not exist: y: 20, x: 16"
2023-08-30 22:31:38,201:DEBUG:"Node does not exist: y: 20, x: 17"
2023-08-30 22:31:38,201:DEBUG:"Node does not exist: y: 20, x: 18"
2023-08-30 22:31:38,201:DEBUG:"Node does not exist: y: 20, x: 19"
2023-08-30 22:31:38,201:DEBUG:"Node does not exist: y: 20, x: 20"
2023-08-30 22:31:38,201:DEBUG:"Node does not exist: y: 20, x: 21"
2023-08-30 22:31:38,202:DEBUG:"Node does not exist: y: 20, x: 22"
2023-08-30 22:31:38,202:DEBUG:"Node does not exist: y: 20, x: 23"
2023-08-30 22:31:38,202:DEBUG:"Node does not exist: y: 20, x: 24"
2023-08-30 22:31:38,202:DEBUG:"Node does not exist: y: 20, x: 25"
2023-08-30 22:31:38,202:DEBUG:"Node does not exist: y: 20, x: 26"
2023-08-30 22:31:38,202:DEBUG:"Node does not exist: y: 20, x: 27"
2023-08-30 22:31:38,202:DEBUG:"Node does not exist: y: 20, x: 28"
2023-08-30 22:31:38,202:DEBUG:"Node does not exist: y: 20, x: 29"
2023-08-30 22:31:38,202:DEBUG:"Node does not exist: y: 20, x: 30"
2023-08-30 22:31:38,202:DEBUG:"Node does not exist: y: 20, x: 31"
2023-08-30 22:31:38,202:DEBUG:"Node does not exist: y: 20, x: 32"
2023-08-30 22:31:38,202:DEBUG:"Node does not exist: y: 20, x: 33"
2023-08-30 22:31:38,202:DEBUG:"Node does not exist: y: 20, x: 34"
2023-08-30 22:31:38,202:DEBUG:"Node does not exist: y: 20, x: 35"
2023-08-30 22:31:38,202:DEBUG:"Node does not exist: y: 20, x: 36"
2023-08-30 22:31:38,202:DEBUG:"Node does not exist: y: 19, x: 38"
2023-08-30 22:31:38,202:DEBUG:"Node does not exist: y: 20, x: 37"
2023-08-30 22:31:38,215:INFO:"Found the endig"
2023-08-30 22:31:38,216:INFO:"Results for ending: E_0"
2023-08-30 22:31:38,216:INFO:"Path length: 169"
2023-08-30 22:31:38,216:INFO:"Taken path: [(9, 17), (9, 16), (10, 16), (11, 16), (11, 15), (11, 14), (11, 13), (10, 13), (9, 13), (8, 13), (7, 13), (6, 13), (6, 14), (6, 15), (5, 15), (4, 15), (4, 14), (4, 13), (4, 12), (5, 12), (5, 11), (6, 11), (7, 11), (8, 11), (9, 11), (10, 11), (11, 11), (12, 11), (12, 12), (13, 12), (13, 13), (13, 14), (13, 15), (13, 16), (13, 17), (13, 18), (12, 18), (11, 18), (11, 19), (11, 20), (12, 20), (13, 20), (13, 21), (13, 22), (13, 23), (12, 23), (12, 24), (11, 24), (10, 24), (9, 24), (8, 24), (7, 24), (6, 24), (5, 24), (4, 24), (4, 23), (3, 23), (3, 22), (3, 21), (3, 20), (3, 19), (3, 18), (3, 17), (2, 17), (1, 17), (1, 16), (1, 15), (1, 14), (1, 13), (2, 13), (2, 12), (2, 11), (2, 10), (2, 9), (3, 9), (4, 9), (4, 8), (4, 7), (3, 7), (2, 7), (1, 7), (1, 6), (1, 5), (1, 4), (1, 3), (1, 2), (1, 1), (2, 1), (3, 1), (4, 1), (5, 1), (6, 1), (7, 1), (8, 1), (9, 1), (10, 1), (11, 1), (12, 1), (13, 1), (13, 2), (13, 3), (13, 4), (13, 5), (13, 6), (13, 7), (13, 8), (13, 9), (14, 9), (15, 9), (15, 8), (15, 7), (15, 6), (15, 5), (15, 4), (15, 3), (15, 2), (15, 1), (16, 1), (17, 1), (17, 2), (17, 3), (18, 3), (18, 4), (18, 5), (17, 5), (17, 6), (17, 7), (18, 7), (18, 8), (18, 9), (17, 9), (17, 10), (17, 11), (16, 11), (15, 11), (15, 12), (15, 13), (15, 14), (15, 15), (15, 16), (15, 17), (15, 18), (15, 19), (15, 20), (15, 21), (15, 22), (16, 22), (17, 22), (18, 22), (18, 23), (18, 24), (18, 25), (18, 26), (18, 27), (18, 28), (18, 29), (18, 30), (17, 30), (16, 30), (16, 31), (16, 32), (16, 33), (16, 34), (16, 35), (16, 36), (15, 36), (14, 36), (13, 36), (13, 37)]"
2023-08-30 22:31:38,216:INFO:"Found first path: E_0 with length: 169"
2023-08-30 22:31:38,233:INFO:"Given maze file: Mazes/maze-test_1.txt"
2023-08-30 22:31:38,234:INFO:"Start: (3, 3) Endings: [(0, 1)]"
2023-08-30 22:31:38,234:DEBUG:"Node does not exist: y: 0, x: 5"
2023-08-30 22:31:38,234:DEBUG:"Node does not exist: y: 1, x: 5"
2023-08-30 22:31:38,234:DEBUG:"Node does not exist: y: 2, x: 5"
2023-08-30 22:31:38,234:DEBUG:"Node does not exist: y: 4, x: 0"
2023-08-30 22:31:38,234:DEBUG:"Node does not exist: y: 4, x: 1"
2023-08-30 22:31:38,234:DEBUG:"Node does not exist: y: 4, x: 2"
2023-08-30 22:31:38,234:DEBUG:"Node does not exist: y: 4, x: 3"
2023-08-30 22:31:38,234:DEBUG:"Node does not exist: y: 3, x: 5"
2023-08-30 22:31:38,234:DEBUG:"Node does not exist: y: 4, x: 4"
2023-08-30 22:31:38,237:INFO:"Found the endig"
2023-08-30 22:31:38,237:INFO:"Results for ending: E_0"
2023-08-30 22:31:38,237:INFO:"Path length: 5"
2023-08-30 22:31:38,237:INFO:"Taken path: [(2, 3), (1, 3), (1, 2), (1, 1), (0, 1)]"
2023-08-30 22:31:38,237:INFO:"Found first path: E_0 with length: 5"
2023-08-30 22:31:38,240:INFO:"Given maze file: Mazes/maze-test_10.txt"
2023-08-30 22:31:38,241:ERROR:"Did not find starting point."
2023-08-30 22:31:38,242:INFO:"Given maze file: Mazes/maze-test_11.txt"
2023-08-30 22:31:38,242:ERROR:"Found more than one starting point."
2023-08-30 22:31:38,243:INFO:"Given maze file: Mazes/maze-test_12.txt"
2023-08-30 22:31:38,244:ERROR:"Found unrecognized character x at: (1, 2)"
2023-08-30 22:31:38,245:INFO:"Given maze file: Mazes/maze-test_13.txt"
2023-08-30 22:31:38,245:INFO:"Start: (3, 2) Endings: [(1, 1)]"
2023-08-30 22:31:38,245:DEBUG:"Node does not exist: y: 0, x: 0"
2023-08-30 22:31:38,245:DEBUG:"Node does not exist: y: 0, x: 1"
2023-08-30 22:31:38,245:DEBUG:"Node does not exist: y: 0, x: 2"
2023-08-30 22:31:38,245:DEBUG:"Node does not exist: y: 0, x: 3"
2023-08-30 22:31:38,245:DEBUG:"Node does not exist: y: 1, x: 4"
2023-08-30 22:31:38,245:DEBUG:"Node does not exist: y: 2, x: 4"
2023-08-30 22:31:38,245:DEBUG:"Node does not exist: y: 4, x: 0"
2023-08-30 22:31:38,246:DEBUG:"Node does not exist: y: 4, x: 1"
2023-08-30 22:31:38,246:DEBUG:"Node does not exist: y: 4, x: 2"
2023-08-30 22:31:38,246:DEBUG:"Node does not exist: y: 3, x: 4"
2023-08-30 22:31:38,246:DEBUG:"Node does not exist: y: 4, x: 3"
2023-08-30 22:31:38,248:INFO:"The maze is unsolvable"
2023-08-30 22:31:38,249:INFO:"Given maze file: Mazes/maze-test_2.txt"
2023-08-30 22:31:38,250:INFO:"Start: (5, 3) Endings: [(0, 1)]"
2023-08-30 22:31:38,250:DEBUG:"Node does not exist: y: 0, x: 5"
2023-08-30 22:31:38,250:DEBUG:"Node does not exist: y: 1, x: 5"
2023-08-30 22:31:38,250:DEBUG:"Node does not exist: y: 2, x: 5"
2023-08-30 22:31:38,250:DEBUG:"Node does not exist: y: 3, x: 5"
2023-08-30 22:31:38,250:DEBUG:"Node does not exist: y: 4, x: 5"
2023-08-30 22:31:38,250:DEBUG:"Node does not exist: y: 6, x: 0"
2023-08-30 22:31:38,250:DEBUG:"Node does not exist: y: 6, x: 1"
2023-08-30 22:31:38,250:DEBUG:"Node does not exist: y: 6, x: 2"
2023-08-30 22:31:38,250:DEBUG:"Node does not exist: y: 6, x: 3"
2023-08-30 22:31:38,250:DEBUG:"Node does not exist: y: 5, x: 5"
2023-08-30 22:31:38,250:DEBUG:"Node does not exist: y: 6, x: 4"
2023-08-30 22:31:38,253:INFO:"Found the endig"
2023-08-30 22:31:38,253:INFO:"Results for ending: E_0"
2023-08-30 22:31:38,253:INFO:"Path length: 7"
2023-08-30 22:31:38,253:INFO:"Taken path: [(4, 3), (4, 2), (3, 2), (3, 1), (2, 1), (1, 1), (0, 1)]"
2023-08-30 22:31:38,253:INFO:"Found first path: E_0 with length: 7"
2023-08-30 22:31:38,258:INFO:"Given maze file: Mazes/maze-test_3.txt"
2023-08-30 22:31:38,259:INFO:"Start: (0, 1) Endings: [(5, 3)]"
2023-08-30 22:31:38,259:DEBUG:"Node does not exist: y: 0, x: 5"
2023-08-30 22:31:38,259:DEBUG:"Node does not exist: y: 1, x: 5"
2023-08-30 22:31:38,259:DEBUG:"Node does not exist: y: 2, x: 5"
2023-08-30 22:31:38,259:DEBUG:"Node does not exist: y: 3, x: 5"
2023-08-30 22:31:38,259:DEBUG:"Node does not exist: y: 4, x: 5"
2023-08-30 22:31:38,259:DEBUG:"Node does not exist: y: 6, x: 0"
2023-08-30 22:31:38,259:DEBUG:"Node does not exist: y: 6, x: 1"
2023-08-30 22:31:38,259:DEBUG:"Node does not exist: y: 6, x: 2"
2023-08-30 22:31:38,259:DEBUG:"Node does not exist: y: 6, x: 3"
2023-08-30 22:31:38,259:DEBUG:"Node does not exist: y: 5, x: 5"
2023-08-30 22:31:38,259:DEBUG:"Node does not exist: y: 6, x: 4"
2023-08-30 22:31:38,262:INFO:"Found the endig"
2023-08-30 22:31:38,262:INFO:"Results for ending: E_0"
2023-08-30 22:31:38,262:INFO:"Path length: 7"
2023-08-30 22:31:38,262:INFO:"Taken path: [(1, 1), (2, 1), (3, 1), (3, 2), (4, 2), (4, 3), (5, 3)]"
2023-08-30 22:31:38,262:INFO:"Found first path: E_0 with length: 7"
2023-08-30 22:31:38,267:INFO:"Given maze file: Mazes/maze-test_4.txt"
2023-08-30 22:31:38,267:INFO:"Start: (6, 5) Endings: [(0, 1)]"
2023-08-30 22:31:38,267:DEBUG:"Node does not exist: y: 0, x: 8"
2023-08-30 22:31:38,267:DEBUG:"Node does not exist: y: 1, x: 8"
2023-08-30 22:31:38,268:DEBUG:"Node does not exist: y: 2, x: 8"
2023-08-30 22:31:38,268:DEBUG:"Node does not exist: y: 3, x: 8"
2023-08-30 22:31:38,268:DEBUG:"Node does not exist: y: 4, x: 8"
2023-08-30 22:31:38,268:DEBUG:"Node does not exist: y: 5, x: 8"
2023-08-30 22:31:38,268:DEBUG:"Node does not exist: y: 7, x: 0"
2023-08-30 22:31:38,268:DEBUG:"Node does not exist: y: 7, x: 1"
2023-08-30 22:31:38,268:DEBUG:"Node does not exist: y: 7, x: 2"
2023-08-30 22:31:38,268:DEBUG:"Node does not exist: y: 7, x: 3"
2023-08-30 22:31:38,268:DEBUG:"Node does not exist: y: 7, x: 4"
2023-08-30 22:31:38,268:DEBUG:"Node does not exist: y: 7, x: 5"
2023-08-30 22:31:38,268:DEBUG:"Node does not exist: y: 7, x: 6"
2023-08-30 22:31:38,268:DEBUG:"Node does not exist: y: 6, x: 8"
2023-08-30 22:31:38,268:DEBUG:"Node does not exist: y: 7, x: 7"
2023-08-30 22:31:38,272:INFO:"Found the endig"
2023-08-30 22:31:38,272:INFO:"Results for ending: E_0"
2023-08-30 22:31:38,272:INFO:"Path length: 10"
2023-08-30 22:31:38,272:INFO:"Taken path: [(5, 5), (5, 4), (5, 3), (5, 2), (4, 2), (3, 2), (2, 2), (1, 2), (1, 1), (0, 1)]"
2023-08-30 22:31:38,272:INFO:"Found first path: E_0 with length: 10"
2023-08-30 22:31:38,277:INFO:"Given maze file: Mazes/maze-test_5.txt"
2023-08-30 22:31:38,278:INFO:"Start: (5, 8) Endings: [(0, 1), (1, 8)]"
2023-08-30 22:31:38,278:DEBUG:"Node does not exist: y: -1, x: 9"
2023-08-30 22:31:38,278:DEBUG:"Node does not exist: y: 0, x: 10"
2023-08-30 22:31:38,278:DEBUG:"Node does not exist: y: 1, x: 9"
2023-08-30 22:31:38,278:DEBUG:"Node does not exist: y: 1, x: 9"
2023-08-30 22:31:38,278:DEBUG:"Node does not exist: y: 3, x: 8"
2023-08-30 22:31:38,278:DEBUG:"Node does not exist: y: 1, x: 9"
2023-08-30 22:31:38,278:DEBUG:"Node does not exist: y: 2, x: 10"
2023-08-30 22:31:38,279:DEBUG:"Node does not exist: y: 3, x: 9"
2023-08-30 22:31:38,279:DEBUG:"Node does not exist: y: 3, x: 8"
2023-08-30 22:31:38,279:DEBUG:"Node does not exist: y: 3, x: 8"
2023-08-30 22:31:38,279:DEBUG:"Node does not exist: y: 4, x: 9"
2023-08-30 22:31:38,279:DEBUG:"Node does not exist: y: 5, x: 9"
2023-08-30 22:31:38,279:DEBUG:"Node does not exist: y: 7, x: 0"
2023-08-30 22:31:38,279:DEBUG:"Node does not exist: y: 7, x: 1"
2023-08-30 22:31:38,279:DEBUG:"Node does not exist: y: 7, x: 2"
2023-08-30 22:31:38,279:DEBUG:"Node does not exist: y: 7, x: 3"
2023-08-30 22:31:38,279:DEBUG:"Node does not exist: y: 7, x: 4"
2023-08-30 22:31:38,279:DEBUG:"Node does not exist: y: 7, x: 5"
2023-08-30 22:31:38,279:DEBUG:"Node does not exist: y: 7, x: 6"
2023-08-30 22:31:38,279:DEBUG:"Node does not exist: y: 7, x: 7"
2023-08-30 22:31:38,279:DEBUG:"Node does not exist: y: 6, x: 9"
2023-08-30 22:31:38,279:DEBUG:"Node does not exist: y: 7, x: 8"
2023-08-30 22:31:38,283:INFO:"Found the endig"
2023-08-30 22:31:38,283:INFO:"Found the endig"
2023-08-30 22:31:38,283:INFO:"Results for ending: E_0"
2023-08-30 22:31:38,283:INFO:"Path length: 12"
2023-08-30 22:31:38,283:INFO:"Taken path: [(5, 7), (5, 6), (4, 6), (3, 6), (2, 6), (1, 6), (1, 5), (1, 4), (1, 3), (1, 2), (1, 1), (0, 1)]"
2023-08-30 22:31:38,283:INFO:"Found first path: E_0 with length: 12"
2023-08-30 22:31:38,283:INFO:"Results for ending: E_1"
2023-08-30 22:31:38,283:INFO:"Path length: 8"
2023-08-30 22:31:38,283:INFO:"Taken path: [(5, 7), (5, 6), (4, 6), (3, 6), (2, 6), (1, 6), (1, 7), (1, 8)]"
2023-08-30 22:31:38,283:INFO:"Found new shortest path: E_1 with length: 8"
2023-08-30 22:31:38,289:INFO:"Given maze file: Mazes/maze-test_6.txt"
2023-08-30 22:31:38,289:INFO:"Start: (3, 3) Endings: [(0, 1)]"
2023-08-30 22:31:38,289:DEBUG:"Node does not exist: y: 0, x: 5"
2023-08-30 22:31:38,289:DEBUG:"Node does not exist: y: 1, x: 5"
2023-08-30 22:31:38,289:DEBUG:"Node does not exist: y: 2, x: 5"
2023-08-30 22:31:38,289:DEBUG:"Node does not exist: y: 4, x: 0"
2023-08-30 22:31:38,290:DEBUG:"Node does not exist: y: 4, x: 1"
2023-08-30 22:31:38,290:DEBUG:"Node does not exist: y: 4, x: 2"
2023-08-30 22:31:38,290:DEBUG:"Node does not exist: y: 4, x: 3"
2023-08-30 22:31:38,290:DEBUG:"Node does not exist: y: 3, x: 5"
2023-08-30 22:31:38,290:DEBUG:"Node does not exist: y: 4, x: 4"
2023-08-30 22:31:38,292:INFO:"The maze is unsolvable"
2023-08-30 22:31:38,293:INFO:"Given maze file: Mazes/maze-test_7.txt"
2023-08-30 22:31:38,293:INFO:"Start: (3, 3) Endings: [(0, 1), (1, 4)]"
2023-08-30 22:31:38,293:DEBUG:"Node does not exist: y: 0, x: 5"
2023-08-30 22:31:38,294:DEBUG:"Node does not exist: y: 1, x: 5"
2023-08-30 22:31:38,294:DEBUG:"Node does not exist: y: 2, x: 5"
2023-08-30 22:31:38,294:DEBUG:"Node does not exist: y: 4, x: 0"
2023-08-30 22:31:38,294:DEBUG:"Node does not exist: y: 4, x: 1"
2023-08-30 22:31:38,294:DEBUG:"Node does not exist: y: 4, x: 2"
2023-08-30 22:31:38,294:DEBUG:"Node does not exist: y: 4, x: 3"
2023-08-30 22:31:38,294:DEBUG:"Node does not exist: y: 3, x: 5"
2023-08-30 22:31:38,294:DEBUG:"Node does not exist: y: 4, x: 4"
2023-08-30 22:31:38,296:INFO:"Found the endig"
2023-08-30 22:31:38,296:INFO:"Ending: E_0 is unsolvable"
2023-08-30 22:31:38,296:INFO:"Results for ending: E_1"
2023-08-30 22:31:38,296:INFO:"Path length: 3"
2023-08-30 22:31:38,296:INFO:"Taken path: [(2, 3), (1, 3), (1, 4)]"
2023-08-30 22:31:38,296:INFO:"Found first path: E_1 with length: 3"
2023-08-30 22:31:38,300:INFO:"Given maze file: Mazes/maze-test_8.txt"
2023-08-30 22:31:38,300:ERROR:"Did not find any ending points."
2023-08-30 22:31:38,301:INFO:"Given maze file: Mazes/maze-test_9.txt"
2023-08-30 22:31:38,302:ERROR:"Did not find starting point."
